  Using bundled DotNet SDK
  Log file: C:\Users\user1\AppData\Local\UnrealBuildTool\Log.txt
  Using 'git status' to determine working set for adaptive non-unity build (C:\Users\user1\UE_Study_Udemy).
  Creating makefile for ObstacleAssaultEditor (no existing makefile)
  Parsing headers for ObstacleAssaultEditor
    Running UnrealHeaderTool "C:\Users\user1\UE_Study_Udemy\ObstacleAssault\ObstacleAssault.uproject" "C:\Users\user1\UE_Study_Udemy\ObstacleAssault\Intermediate\Build\Win64\ObstacleAssaultEditor\Development\ObstacleAssaultEditor.uhtmanifest" -LogCmds="loginit warning, logexit warning, logdatabase error" -Unattended -WarningsAsErrors -abslog="C:\Users\user1\AppData\Local\UnrealBuildTool\Log_UHT.txt" -installed
  Reflection code generated for ObstacleAssaultEditor in 1.499309 seconds
  Building ObstacleAssaultEditor...
  Using Visual Studio 2019 14.29.30137 toolchain (C:\Program Files (x86)\Microsoft Visual Studio\2019\Community\VC\Tools\MSVC\14.29.30133) and Windows 10.0.19041.0 SDK (C:\Program Files (x86)\Windows Kits\10).
  [Adaptive Build] Excluded from ObstacleAssault unity file: MovingPlatform.cpp, ObstacleAssault.cpp
  Determining max actions to execute in parallel (8 physical cores, 16 logical cores)
    Executing up to 8 processes, one per physical core
  Building 9 actions with 8 processes...
  [1/9] Resource Default.rc2
  [2/9] Compile SharedPCH.Engine.ShadowErrors.cpp
  [3/9] Compile ObstacleAssault.init.gen.cpp
  [4/9] Compile ObstacleAssault.cpp
  [5/9] Compile MovingPlatform.gen.cpp
  [6/9] Compile MovingPlatform.cpp
  [7/9] Link UnrealEditor-ObstacleAssault.lib
     C:\Users\user1\UE_Study_Udemy\ObstacleAssault\Intermediate\Build\Win64\UnrealEditor\Development\ObstacleAssault\UnrealEditor-ObstacleAssault.lib 라이브러리 및 C:\Users\user1\UE_Study_Udemy\ObstacleAssault\Intermediate\Build\Win64\UnrealEditor\Development\ObstacleAssault\UnrealEditor-ObstacleAssault.exp 개체를 생성하고 있습니다.
  [8/9] Link UnrealEditor-ObstacleAssault.dll
     C:\Users\user1\UE_Study_Udemy\ObstacleAssault\Intermediate\Build\Win64\UnrealEditor\Development\ObstacleAssault\UnrealEditor-ObstacleAssault.suppressed.lib 라이브러리 및 C:\Users\user1\UE_Study_Udemy\ObstacleAssault\Intermediate\Build\Win64\UnrealEditor\Development\ObstacleAssault\UnrealEditor-ObstacleAssault.suppressed.exp 개체를 생성하고 있습니다.
  [9/9] WriteMetadata ObstacleAssaultEditor.target
  Total time in Parallel executor: 32.87 seconds
  Total execution time: 44.46 seconds
